<?xml version="1.0" encoding="UTF-8"?>
<!-- Generated by org.testng.reporters.JUnitReportReporter -->
<testsuite hostname="DESKTOP-3JHQIJO" failures="0" tests="2" name="tEstFW.Generic_2" time="7.431" errors="0" timestamp="2025-06-01T16:51:00 IST" skipped="0">
  <testcase classname="tEstFW.Generic_2" name="Testcase1" time="4.587"/>
  <testcase classname="tEstFW.Generic_2" name="Testcase2" time="2.844"/>
</testsuite> <!-- tEstFW.Generic_2 -->
