<?xml version="1.0" encoding="UTF-8"?>
<!-- Generated by org.testng.reporters.JUnitReportReporter -->
<testsuite hostname="DESKTOP-3JHQIJO" failures="0" tests="1" name="tEstFW.Testcase_1" time="0.014" errors="0" timestamp="2025-05-31T17:08:23 IST" skipped="0">
  <testcase classname="tEstFW.Testcase_1" name="testCase01" time="0.014">
    <system-out>
      <![CDATA[test case one is passed]]>
    </system-out>
  </testcase> <!-- testCase01 -->
  <system-out>
    <![CDATA[test case one is passed]]>
  </system-out>
</testsuite> <!-- tEstFW.Testcase_1 -->
