<?xml version="1.0" encoding="UTF-8"?>
<!-- Generated by org.testng.reporters.JUnitReportReporter -->
<testsuite hostname="DESKTOP-3JHQIJO" failures="0" tests="2" name="tEstFW.Invocation" time="0.020" errors="0" timestamp="2025-06-01T14:28:39 IST" skipped="0">
  <testcase classname="tEstFW.Invocation" name="TestCase1" time="0.014">
    <system-out>
      <![CDATA[This is first test execute]]>
    </system-out>
  </testcase> <!-- TestCase1 -->
  <testcase classname="tEstFW.Invocation" name="TestCase3" time="0.006">
    <system-out>
      <![CDATA[This is Third test execute]]>
    </system-out>
  </testcase> <!-- TestCase3 -->
  <system-out>
    <![CDATA[This is first test execute
This is Third test execute]]>
  </system-out>
</testsuite> <!-- tEstFW.Invocation -->
