<?xml version="1.0" encoding="UTF-8"?>
<!-- Generated by org.testng.reporters.JUnitReportReporter -->
<testsuite hostname="DESKTOP-3JHQIJO" failures="0" tests="3" name="tEstFW.Priority" time="0.028" errors="0" timestamp="2025-06-01T14:30:15 IST" skipped="0">
  <testcase classname="tEstFW.Priority" name="TestCase2" time="0.005">
    <system-out>
      <![CDATA[This is second test execute]]>
    </system-out>
  </testcase> <!-- TestCase2 -->
  <testcase classname="tEstFW.Priority" name="TestCase1" time="0.019">
    <system-out>
      <![CDATA[This is first test execute]]>
    </system-out>
  </testcase> <!-- TestCase1 -->
  <testcase classname="tEstFW.Priority" name="TestCase3" time="0.004">
    <system-out>
      <![CDATA[This is Third test execute]]>
    </system-out>
  </testcase> <!-- TestCase3 -->
  <system-out>
    <![CDATA[This is first test execute
This is second test execute
This is Third test execute]]>
  </system-out>
</testsuite> <!-- tEstFW.Priority -->
