<?xml version="1.0" encoding="UTF-8"?>
<!-- Generated by org.testng.reporters.JUnitReportReporter -->
<testsuite hostname="DESKTOP-3JHQIJO" failures="0" tests="3" name="tEstFW.Execute_multiple_scripts" time="0.026" errors="0" timestamp="2025-06-01T14:26:40 IST" skipped="0">
  <testcase classname="tEstFW.Execute_multiple_scripts" name="TestCase1" time="0.017">
    <system-out>
      <![CDATA[This is first test execute]]>
    </system-out>
  </testcase> <!-- TestCase1 -->
  <testcase classname="tEstFW.Execute_multiple_scripts" name="TestCase3" time="0.003">
    <system-out>
      <![CDATA[This is Third test execute]]>
    </system-out>
  </testcase> <!-- TestCase3 -->
  <testcase classname="tEstFW.Execute_multiple_scripts" name="TestCase2" time="0.006">
    <system-out>
      <![CDATA[This is second test execute]]>
    </system-out>
  </testcase> <!-- TestCase2 -->
  <system-out>
    <![CDATA[This is first test execute
This is second test execute
This is Third test execute]]>
  </system-out>
</testsuite> <!-- tEstFW.Execute_multiple_scripts -->
